<?xml version="1.0" encoding="UTF-8"?>
<coverage generated="1651446224857" clover="3.2.0">
  <project timestamp="1651446224857" name="All files">
    <metrics statements="43" coveredstatements="43" conditionals="16" coveredconditionals="16" methods="17" coveredmethods="17" elements="76" coveredelements="76" complexity="0" loc="43" ncloc="43" packages="1" files="2" classes="2"/>
    <file name="Billetera.js" path="C:\Users\franc\OneDrive\Documentos\Franco\Tecnicas de Diseño\Dojo Taka\TDD_NodeJS_Monedas\src\Billetera.js">
      <metrics statements="23" coveredstatements="23" conditionals="10" coveredconditionals="10" methods="7" coveredmethods="7"/>
      <line num="3" count="16" type="stmt"/>
      <line num="4" count="16" type="stmt"/>
      <line num="8" count="15" type="stmt"/>
      <line num="12" count="14" type="stmt"/>
      <line num="16" count="13" type="cond" truecount="2" falsecount="0"/>
      <line num="17" count="1" type="stmt"/>
      <line num="19" count="12" type="stmt"/>
      <line num="23" count="11" type="stmt"/>
      <line num="24" count="11" type="cond" truecount="2" falsecount="0"/>
      <line num="25" count="10" type="stmt"/>
      <line num="26" count="10" type="stmt"/>
      <line num="28" count="1" type="stmt"/>
      <line num="33" count="6" type="cond" truecount="2" falsecount="0"/>
      <line num="34" count="5" type="stmt"/>
      <line num="35" count="5" type="stmt"/>
      <line num="38" count="1" type="stmt"/>
      <line num="43" count="7" type="cond" truecount="2" falsecount="0"/>
      <line num="44" count="2" type="stmt"/>
      <line num="45" count="2" type="stmt"/>
      <line num="47" count="5" type="cond" truecount="2" falsecount="0"/>
      <line num="48" count="3" type="stmt"/>
      <line num="49" count="3" type="stmt"/>
      <line num="54" count="1" type="stmt"/>
    </file>
    <file name="VariacionMoneda.js" path="C:\Users\franc\OneDrive\Documentos\Franco\Tecnicas de Diseño\Dojo Taka\TDD_NodeJS_Monedas\src\VariacionMoneda.js">
      <metrics statements="20" coveredstatements="20" conditionals="6" coveredconditionals="6" methods="10" coveredmethods="10"/>
      <line num="3" count="16" type="stmt"/>
      <line num="4" count="16" type="stmt"/>
      <line num="5" count="16" type="stmt"/>
      <line num="9" count="22" type="stmt"/>
      <line num="13" count="11" type="cond" truecount="2" falsecount="0"/>
      <line num="14" count="6" type="stmt"/>
      <line num="19" count="11" type="cond" truecount="2" falsecount="0"/>
      <line num="20" count="4" type="stmt"/>
      <line num="25" count="12" type="cond" truecount="2" falsecount="0"/>
      <line num="26" count="1" type="stmt"/>
      <line num="28" count="11" type="stmt"/>
      <line num="29" count="11" type="stmt"/>
      <line num="30" count="11" type="stmt"/>
      <line num="35" count="11" type="stmt"/>
      <line num="39" count="11" type="stmt"/>
      <line num="43" count="7" type="stmt"/>
      <line num="47" count="5" type="stmt"/>
      <line num="51" count="5" type="stmt"/>
      <line num="52" count="5" type="stmt"/>
      <line num="56" count="1" type="stmt"/>
    </file>
  </project>
</coverage>
