{"C:\\Users\\franc\\OneDrive\\Documentos\\Franco\\Tecnicas de Diseño\\Dojo Taka\\TDD_NodeJS_Monedas\\src\\Billetera.js": {"path":"C:\\Users\\franc\\OneDrive\\Documentos\\Franco\\Tecnicas de Diseño\\Dojo Taka\\TDD_NodeJS_Monedas\\src\\Billetera.js","statementMap":{"0":{"start":{"line":3,"column":8},"end":{"line":3,"column":23}},"1":{"start":{"line":4,"column":8},"end":{"line":4,"column":29}},"2":{"start":{"line":8,"column":8},"end":{"line":8,"column":26}},"3":{"start":{"line":12,"column":8},"end":{"line":12,"column":32}},"4":{"start":{"line":16,"column":8},"end":{"line":18,"column":9}},"5":{"start":{"line":17,"column":12},"end":{"line":17,"column":59}},"6":{"start":{"line":19,"column":8},"end":{"line":19,"column":28}},"7":{"start":{"line":23,"column":31},"end":{"line":23,"column":77}},"8":{"start":{"line":24,"column":8},"end":{"line":29,"column":9}},"9":{"start":{"line":25,"column":12},"end":{"line":25,"column":55}},"10":{"start":{"line":26,"column":12},"end":{"line":26,"column":43}},"11":{"start":{"line":28,"column":12},"end":{"line":28,"column":111}},"12":{"start":{"line":33,"column":8},"end":{"line":39,"column":9}},"13":{"start":{"line":34,"column":12},"end":{"line":34,"column":54}},"14":{"start":{"line":35,"column":12},"end":{"line":35,"column":72}},"15":{"start":{"line":38,"column":12},"end":{"line":38,"column":76}},"16":{"start":{"line":43,"column":8},"end":{"line":50,"column":9}},"17":{"start":{"line":44,"column":12},"end":{"line":44,"column":60}},"18":{"start":{"line":45,"column":12},"end":{"line":45,"column":50}},"19":{"start":{"line":47,"column":13},"end":{"line":50,"column":9}},"20":{"start":{"line":48,"column":12},"end":{"line":48,"column":77}},"21":{"start":{"line":49,"column":12},"end":{"line":49,"column":50}},"22":{"start":{"line":54,"column":0},"end":{"line":54,"column":27}}},"fnMap":{"0":{"name":"(anonymous_0)","decl":{"start":{"line":2,"column":4},"end":{"line":2,"column":5}},"loc":{"start":{"line":2,"column":17},"end":{"line":5,"column":5}},"line":2},"1":{"name":"(anonymous_1)","decl":{"start":{"line":7,"column":4},"end":{"line":7,"column":5}},"loc":{"start":{"line":7,"column":14},"end":{"line":9,"column":5}},"line":7},"2":{"name":"(anonymous_2)","decl":{"start":{"line":11,"column":4},"end":{"line":11,"column":5}},"loc":{"start":{"line":11,"column":20},"end":{"line":13,"column":5}},"line":11},"3":{"name":"(anonymous_3)","decl":{"start":{"line":15,"column":4},"end":{"line":15,"column":5}},"loc":{"start":{"line":15,"column":23},"end":{"line":20,"column":5}},"line":15},"4":{"name":"(anonymous_4)","decl":{"start":{"line":22,"column":4},"end":{"line":22,"column":5}},"loc":{"start":{"line":22,"column":53},"end":{"line":30,"column":5}},"line":22},"5":{"name":"(anonymous_5)","decl":{"start":{"line":32,"column":4},"end":{"line":32,"column":5}},"loc":{"start":{"line":32,"column":51},"end":{"line":40,"column":5}},"line":32},"6":{"name":"(anonymous_6)","decl":{"start":{"line":42,"column":4},"end":{"line":42,"column":5}},"loc":{"start":{"line":42,"column":35},"end":{"line":51,"column":5}},"line":42}},"branchMap":{"0":{"loc":{"start":{"line":16,"column":8},"end":{"line":18,"column":9}},"type":"if","locations":[{"start":{"line":16,"column":8},"end":{"line":18,"column":9}},{"start":{},"end":{}}],"line":16},"1":{"loc":{"start":{"line":24,"column":8},"end":{"line":29,"column":9}},"type":"if","locations":[{"start":{"line":24,"column":8},"end":{"line":29,"column":9}},{"start":{"line":27,"column":13},"end":{"line":29,"column":9}}],"line":24},"2":{"loc":{"start":{"line":33,"column":8},"end":{"line":39,"column":9}},"type":"if","locations":[{"start":{"line":33,"column":8},"end":{"line":39,"column":9}},{"start":{"line":37,"column":12},"end":{"line":39,"column":9}}],"line":33},"3":{"loc":{"start":{"line":43,"column":8},"end":{"line":50,"column":9}},"type":"if","locations":[{"start":{"line":43,"column":8},"end":{"line":50,"column":9}},{"start":{"line":47,"column":13},"end":{"line":50,"column":9}}],"line":43},"4":{"loc":{"start":{"line":47,"column":13},"end":{"line":50,"column":9}},"type":"if","locations":[{"start":{"line":47,"column":13},"end":{"line":50,"column":9}},{"start":{},"end":{}}],"line":47}},"s":{"0":16,"1":16,"2":15,"3":14,"4":13,"5":1,"6":12,"7":11,"8":11,"9":10,"10":10,"11":1,"12":6,"13":5,"14":5,"15":1,"16":7,"17":2,"18":2,"19":5,"20":3,"21":3,"22":1},"f":{"0":16,"1":15,"2":14,"3":13,"4":11,"5":6,"6":7},"b":{"0":[1,12],"1":[10,1],"2":[5,1],"3":[2,5],"4":[3,2]},"_coverageSchema":"1a1c01bbd47fc00a2c39e90264f33305004495a9","hash":"50b81ee84275d5063be53fa492bdfbb9a87cba74"}
,"C:\\Users\\franc\\OneDrive\\Documentos\\Franco\\Tecnicas de Diseño\\Dojo Taka\\TDD_NodeJS_Monedas\\src\\VariacionMoneda.js": {"path":"C:\\Users\\franc\\OneDrive\\Documentos\\Franco\\Tecnicas de Diseño\\Dojo Taka\\TDD_NodeJS_Monedas\\src\\VariacionMoneda.js","statementMap":{"0":{"start":{"line":3,"column":8},"end":{"line":3,"column":40}},"1":{"start":{"line":4,"column":8},"end":{"line":4,"column":40}},"2":{"start":{"line":5,"column":8},"end":{"line":5,"column":40}},"3":{"start":{"line":9,"column":8},"end":{"line":9,"column":32}},"4":{"start":{"line":13,"column":8},"end":{"line":15,"column":9}},"5":{"start":{"line":14,"column":12},"end":{"line":14,"column":48}},"6":{"start":{"line":19,"column":8},"end":{"line":21,"column":9}},"7":{"start":{"line":20,"column":12},"end":{"line":20,"column":48}},"8":{"start":{"line":25,"column":8},"end":{"line":27,"column":9}},"9":{"start":{"line":26,"column":12},"end":{"line":26,"column":71}},"10":{"start":{"line":28,"column":8},"end":{"line":28,"column":39}},"11":{"start":{"line":29,"column":8},"end":{"line":29,"column":33}},"12":{"start":{"line":30,"column":8},"end":{"line":30,"column":33}},"13":{"start":{"line":35,"column":8},"end":{"line":35,"column":47}},"14":{"start":{"line":39,"column":8},"end":{"line":39,"column":47}},"15":{"start":{"line":43,"column":8},"end":{"line":43,"column":60}},"16":{"start":{"line":47,"column":8},"end":{"line":47,"column":61}},"17":{"start":{"line":51,"column":8},"end":{"line":51,"column":44}},"18":{"start":{"line":52,"column":8},"end":{"line":52,"column":44}},"19":{"start":{"line":56,"column":0},"end":{"line":56,"column":33}}},"fnMap":{"0":{"name":"(anonymous_0)","decl":{"start":{"line":2,"column":4},"end":{"line":2,"column":5}},"loc":{"start":{"line":2,"column":29},"end":{"line":6,"column":5}},"line":2},"1":{"name":"(anonymous_1)","decl":{"start":{"line":8,"column":4},"end":{"line":8,"column":5}},"loc":{"start":{"line":8,"column":14},"end":{"line":10,"column":5}},"line":8},"2":{"name":"(anonymous_2)","decl":{"start":{"line":12,"column":4},"end":{"line":12,"column":5}},"loc":{"start":{"line":12,"column":23},"end":{"line":16,"column":5}},"line":12},"3":{"name":"(anonymous_3)","decl":{"start":{"line":18,"column":4},"end":{"line":18,"column":5}},"loc":{"start":{"line":18,"column":23},"end":{"line":22,"column":5}},"line":18},"4":{"name":"(anonymous_4)","decl":{"start":{"line":24,"column":4},"end":{"line":24,"column":5}},"loc":{"start":{"line":24,"column":30},"end":{"line":32,"column":5}},"line":24},"5":{"name":"(anonymous_5)","decl":{"start":{"line":34,"column":4},"end":{"line":34,"column":5}},"loc":{"start":{"line":34,"column":25},"end":{"line":36,"column":5}},"line":34},"6":{"name":"(anonymous_6)","decl":{"start":{"line":38,"column":4},"end":{"line":38,"column":5}},"loc":{"start":{"line":38,"column":25},"end":{"line":40,"column":5}},"line":38},"7":{"name":"(anonymous_7)","decl":{"start":{"line":42,"column":4},"end":{"line":42,"column":5}},"loc":{"start":{"line":42,"column":40},"end":{"line":44,"column":5}},"line":42},"8":{"name":"(anonymous_8)","decl":{"start":{"line":46,"column":4},"end":{"line":46,"column":5}},"loc":{"start":{"line":46,"column":41},"end":{"line":48,"column":5}},"line":46},"9":{"name":"(anonymous_9)","decl":{"start":{"line":50,"column":4},"end":{"line":50,"column":5}},"loc":{"start":{"line":50,"column":30},"end":{"line":53,"column":5}},"line":50}},"branchMap":{"0":{"loc":{"start":{"line":13,"column":8},"end":{"line":15,"column":9}},"type":"if","locations":[{"start":{"line":13,"column":8},"end":{"line":15,"column":9}},{"start":{},"end":{}}],"line":13},"1":{"loc":{"start":{"line":19,"column":8},"end":{"line":21,"column":9}},"type":"if","locations":[{"start":{"line":19,"column":8},"end":{"line":21,"column":9}},{"start":{},"end":{}}],"line":19},"2":{"loc":{"start":{"line":25,"column":8},"end":{"line":27,"column":9}},"type":"if","locations":[{"start":{"line":25,"column":8},"end":{"line":27,"column":9}},{"start":{},"end":{}}],"line":25}},"s":{"0":16,"1":16,"2":16,"3":22,"4":11,"5":6,"6":11,"7":4,"8":12,"9":1,"10":11,"11":11,"12":11,"13":11,"14":11,"15":7,"16":5,"17":5,"18":5,"19":1},"f":{"0":16,"1":22,"2":11,"3":11,"4":12,"5":11,"6":11,"7":7,"8":5,"9":5},"b":{"0":[6,5],"1":[4,7],"2":[1,11]},"_coverageSchema":"1a1c01bbd47fc00a2c39e90264f33305004495a9","hash":"a3fd573e58771e90296861711ce6d5c0d9b0fae6"}
}
