TN:
SF:src\Billetera.js
FN:2,(anonymous_0)
FN:7,(anonymous_1)
FN:11,(anonymous_2)
FN:15,(anonymous_3)
FN:22,(anonymous_4)
FN:32,(anonymous_5)
FN:42,(anonymous_6)
FNF:7
FNH:7
FNDA:16,(anonymous_0)
FNDA:15,(anonymous_1)
FNDA:14,(anonymous_2)
FNDA:13,(anonymous_3)
FNDA:11,(anonymous_4)
FNDA:6,(anonymous_5)
FNDA:7,(anonymous_6)
DA:3,16
DA:4,16
DA:8,15
DA:12,14
DA:16,13
DA:17,1
DA:19,12
DA:23,11
DA:24,11
DA:25,10
DA:26,10
DA:28,1
DA:33,6
DA:34,5
DA:35,5
DA:38,1
DA:43,7
DA:44,2
DA:45,2
DA:47,5
DA:48,3
DA:49,3
DA:54,1
LF:23
LH:23
BRDA:16,0,0,1
BRDA:16,0,1,12
BRDA:24,1,0,10
BRDA:24,1,1,1
BRDA:33,2,0,5
BRDA:33,2,1,1
BRDA:43,3,0,2
BRDA:43,3,1,5
BRDA:47,4,0,3
BRDA:47,4,1,2
BRF:10
BRH:10
end_of_record
TN:
SF:src\VariacionMoneda.js
FN:2,(anonymous_0)
FN:8,(anonymous_1)
FN:12,(anonymous_2)
FN:18,(anonymous_3)
FN:24,(anonymous_4)
FN:34,(anonymous_5)
FN:38,(anonymous_6)
FN:42,(anonymous_7)
FN:46,(anonymous_8)
FN:50,(anonymous_9)
FNF:10
FNH:10
FNDA:16,(anonymous_0)
FNDA:22,(anonymous_1)
FNDA:11,(anonymous_2)
FNDA:11,(anonymous_3)
FNDA:12,(anonymous_4)
FNDA:11,(anonymous_5)
FNDA:11,(anonymous_6)
FNDA:7,(anonymous_7)
FNDA:5,(anonymous_8)
FNDA:5,(anonymous_9)
DA:3,16
DA:4,16
DA:5,16
DA:9,22
DA:13,11
DA:14,6
DA:19,11
DA:20,4
DA:25,12
DA:26,1
DA:28,11
DA:29,11
DA:30,11
DA:35,11
DA:39,11
DA:43,7
DA:47,5
DA:51,5
DA:52,5
DA:56,1
LF:20
LH:20
BRDA:13,0,0,6
BRDA:13,0,1,5
BRDA:19,1,0,4
BRDA:19,1,1,7
BRDA:25,2,0,1
BRDA:25,2,1,11
BRF:6
BRH:6
end_of_record
